0 info it worked if it ends with ok
1 verbose cli [ 'node',
1 verbose cli   '/usr/local/bin/npm',
1 verbose cli   'install',
1 verbose cli   'contrib-yuidoc',
1 verbose cli   '--save-dev' ]
2 info using npm@1.3.24
3 info using node@v0.10.25
4 verbose readDependencies using package.json deps
5 verbose cache add [ 'contrib-yuidoc', null ]
6 verbose cache add name=undefined spec="contrib-yuidoc" args=["contrib-yuidoc",null]
7 verbose parsed url { protocol: null,
7 verbose parsed url   slashes: null,
7 verbose parsed url   auth: null,
7 verbose parsed url   host: null,
7 verbose parsed url   port: null,
7 verbose parsed url   hostname: null,
7 verbose parsed url   hash: null,
7 verbose parsed url   search: null,
7 verbose parsed url   query: null,
7 verbose parsed url   pathname: 'contrib-yuidoc',
7 verbose parsed url   path: 'contrib-yuidoc',
7 verbose parsed url   href: 'contrib-yuidoc' }
8 silly lockFile c1c6e441-contrib-yuidoc contrib-yuidoc
9 verbose lock contrib-yuidoc /var/root/.npm/c1c6e441-contrib-yuidoc.lock
10 silly lockFile c1c6e441-contrib-yuidoc contrib-yuidoc
11 silly lockFile c1c6e441-contrib-yuidoc contrib-yuidoc
12 verbose addNamed [ 'contrib-yuidoc', '' ]
13 verbose addNamed [ null, '*' ]
14 silly lockFile 306f2f77-contrib-yuidoc contrib-yuidoc@
15 verbose lock contrib-yuidoc@ /var/root/.npm/306f2f77-contrib-yuidoc.lock
16 silly addNameRange { name: 'contrib-yuidoc', range: '*', hasData: false }
17 verbose url raw contrib-yuidoc
18 verbose url resolving [ 'https://registry.npmjs.org/', './contrib-yuidoc' ]
19 verbose url resolved https://registry.npmjs.org/contrib-yuidoc
20 info trying registry request attempt 1 at 21:48:35
21 http GET https://registry.npmjs.org/contrib-yuidoc
22 http 404 https://registry.npmjs.org/contrib-yuidoc
23 silly registry.get cb [ 404,
23 silly registry.get   { date: 'Tue, 25 Mar 2014 00:48:36 GMT',
23 silly registry.get     server: 'CouchDB/1.5.0 (Erlang OTP/R14B04)',
23 silly registry.get     'content-type': 'application/json',
23 silly registry.get     via: '1.1 varnish',
23 silly registry.get     'cache-control': 'max-age=0',
23 silly registry.get     'content-length': '52',
23 silly registry.get     'accept-ranges': 'bytes',
23 silly registry.get     age: '0',
23 silly registry.get     'x-served-by': 'cache-v41-ASH, cache-jfk1027-JFK',
23 silly registry.get     'x-cache': 'MISS, MISS',
23 silly registry.get     'x-cache-hits': '0, 0',
23 silly registry.get     'x-timer': 'S1395708516.380636454,VS0,VS-594,VE-502,VE99',
23 silly registry.get     'keep-alive': 'timeout=10, max=50',
23 silly registry.get     connection: 'Keep-Alive' } ]
24 silly lockFile 306f2f77-contrib-yuidoc contrib-yuidoc@
25 silly lockFile 306f2f77-contrib-yuidoc contrib-yuidoc@
26 error 404 'contrib-yuidoc' is not in the npm registry.
26 error 404 You should bug the author to publish it
26 error 404 It was specified as a dependency of 'demoapp'
26 error 404
26 error 404 Note that you can also install from a
26 error 404 tarball, folder, or http url, or git url.
27 error System Darwin 13.0.0
28 error command "node" "/usr/local/bin/npm" "install" "contrib-yuidoc" "--save-dev"
29 error cwd /Users/chesterlee/Dropbox/Dal 13-14/Winter/CSCI 3130/Group-13-Project/Drinking Advisor_V4
30 error node -v v0.10.25
31 error npm -v 1.3.24
32 error code E404
33 verbose exit [ 1, true ]
